<?xml version="1.0" encoding="UTF-8"?>
<!-- Generated by org.testng.reporters.JUnitReportReporter -->
<testsuite hostname="DESKTOP-2INVKJ7" failures="0" tests="1" name="com.actitime.testscript.CreateCustomer" time="0.014" errors="0" timestamp="18 Dec 2021 08:35:11 GMT" skipped="0">
  <testcase classname="com.actitime.testscript.CreateCustomer" name="testCreateCustomer" time="0.014"/>
</testsuite> <!-- com.actitime.testscript.CreateCustomer -->
